INSTRUMENTATION_STATUS: numtests=5
INSTRUMENTATION_STATUS: stream=
com.example.tablemeets.AuthenticationHelperTest:
INSTRUMENTATION_STATUS: id=AndroidJUnitRunner
INSTRUMENTATION_STATUS: test=testIsValidEmail
INSTRUMENTATION_STATUS: class=com.example.tablemeets.AuthenticationHelperTest
INSTRUMENTATION_STATUS: current=1
INSTRUMENTATION_STATUS_CODE: 1
INSTRUMENTATION_STATUS: numtests=5
INSTRUMENTATION_STATUS: stream=.
INSTRUMENTATION_STATUS: id=AndroidJUnitRunner
INSTRUMENTATION_STATUS: test=testIsValidEmail
INSTRUMENTATION_STATUS: class=com.example.tablemeets.AuthenticationHelperTest
INSTRUMENTATION_STATUS: current=1
INSTRUMENTATION_STATUS_CODE: 0
INSTRUMENTATION_STATUS: numtests=5
INSTRUMENTATION_STATUS: stream=
INSTRUMENTATION_STATUS: id=AndroidJUnitRunner
INSTRUMENTATION_STATUS: test=testLoginUser
INSTRUMENTATION_STATUS: class=com.example.tablemeets.AuthenticationHelperTest
INSTRUMENTATION_STATUS: current=2
INSTRUMENTATION_STATUS_CODE: 1
INSTRUMENTATION_STATUS: numtests=5
INSTRUMENTATION_STATUS: stream=.
INSTRUMENTATION_STATUS: id=AndroidJUnitRunner
INSTRUMENTATION_STATUS: test=testLoginUser
INSTRUMENTATION_STATUS: class=com.example.tablemeets.AuthenticationHelperTest
INSTRUMENTATION_STATUS: current=2
INSTRUMENTATION_STATUS_CODE: 0
INSTRUMENTATION_STATUS: numtests=5
INSTRUMENTATION_STATUS: stream=
INSTRUMENTATION_STATUS: id=AndroidJUnitRunner
INSTRUMENTATION_STATUS: test=testRegisterUser
INSTRUMENTATION_STATUS: class=com.example.tablemeets.AuthenticationHelperTest
INSTRUMENTATION_STATUS: current=3
INSTRUMENTATION_STATUS_CODE: 1
INSTRUMENTATION_STATUS: numtests=5
INSTRUMENTATION_STATUS: stream=
Error in testRegisterUser(com.example.tablemeets.AuthenticationHelperTest):
java.lang.AssertionError
at org.junit.Assert.fail(Assert.java:87)
at org.junit.Assert.assertTrue(Assert.java:42)
at org.junit.Assert.assertTrue(Assert.java:53)
at com.example.tablemeets.AuthenticationHelperTest.testRegisterUser(AuthenticationHelperTest.kt:26)

INSTRUMENTATION_STATUS: id=AndroidJUnitRunner
INSTRUMENTATION_STATUS: test=testRegisterUser
INSTRUMENTATION_STATUS: class=com.example.tablemeets.AuthenticationHelperTest
INSTRUMENTATION_STATUS: stack=java.lang.AssertionError
at org.junit.Assert.fail(Assert.java:87)
at org.junit.Assert.assertTrue(Assert.java:42)
at org.junit.Assert.assertTrue(Assert.java:53)
at com.example.tablemeets.AuthenticationHelperTest.testRegisterUser(AuthenticationHelperTest.kt:26)

INSTRUMENTATION_STATUS: current=3
INSTRUMENTATION_STATUS_CODE: -2
INSTRUMENTATION_STATUS: numtests=5
INSTRUMENTATION_STATUS: stream=
INSTRUMENTATION_STATUS: id=AndroidJUnitRunner
INSTRUMENTATION_STATUS: test=testCheckUserExistence
INSTRUMENTATION_STATUS: class=com.example.tablemeets.AuthenticationHelperTest
INSTRUMENTATION_STATUS: current=4
INSTRUMENTATION_STATUS_CODE: 1
INSTRUMENTATION_STATUS: numtests=5
INSTRUMENTATION_STATUS: stream=.
INSTRUMENTATION_STATUS: id=AndroidJUnitRunner
INSTRUMENTATION_STATUS: test=testCheckUserExistence
INSTRUMENTATION_STATUS: class=com.example.tablemeets.AuthenticationHelperTest
INSTRUMENTATION_STATUS: current=4
INSTRUMENTATION_STATUS_CODE: 0
INSTRUMENTATION_STATUS: numtests=5
INSTRUMENTATION_STATUS: stream=
INSTRUMENTATION_STATUS: id=AndroidJUnitRunner
INSTRUMENTATION_STATUS: test=testVerifyPassword
INSTRUMENTATION_STATUS: class=com.example.tablemeets.AuthenticationHelperTest
INSTRUMENTATION_STATUS: current=5
INSTRUMENTATION_STATUS_CODE: 1
INSTRUMENTATION_STATUS: numtests=5
INSTRUMENTATION_STATUS: stream=.
INSTRUMENTATION_STATUS: id=AndroidJUnitRunner
INSTRUMENTATION_STATUS: test=testVerifyPassword
INSTRUMENTATION_STATUS: class=com.example.tablemeets.AuthenticationHelperTest
INSTRUMENTATION_STATUS: current=5
INSTRUMENTATION_STATUS_CODE: 0
INSTRUMENTATION_RESULT: stream=

Time: 0.246
There was 1 failure:
1) testRegisterUser(com.example.tablemeets.AuthenticationHelperTest)
java.lang.AssertionError
at org.junit.Assert.fail(Assert.java:87)
at org.junit.Assert.assertTrue(Assert.java:42)
at org.junit.Assert.assertTrue(Assert.java:53)
at com.example.tablemeets.AuthenticationHelperTest.testRegisterUser(AuthenticationHelperTest.kt:26)

FAILURES!!!
Tests run: 5,  Failures: 1


INSTRUMENTATION_CODE: -1

